
*** TARGET: updrs3 (range 0-132) ***


============================================================
PHASE 1: Feature Expansion (Euler + FreeAcc, mode=additive)
============================================================
  PD subjects: 100

  [E1.0] Baseline control (v2+FM)...
    [E1.0 total] LOOCV 10/100 (0.5m elapsed, ETA 4.4m)
    [E1.0 total] LOOCV 20/100 (1.0m elapsed, ETA 3.9m)
    [E1.0 total] LOOCV 30/100 (1.5m elapsed, ETA 3.4m)
    [E1.0 total] LOOCV 40/100 (2.0m elapsed, ETA 2.9m)
    [E1.0 total] LOOCV 50/100 (2.5m elapsed, ETA 2.5m)
    [E1.0 total] LOOCV 60/100 (3.0m elapsed, ETA 2.0m)
    [E1.0 total] LOOCV 70/100 (3.4m elapsed, ETA 1.5m)
    [E1.0 total] LOOCV 80/100 (3.9m elapsed, ETA 1.0m)
    [E1.0 total] LOOCV 90/100 (4.4m elapsed, ETA 0.5m)
    [E1.0 total] LOOCV 100/100 (4.9m elapsed, ETA 0.0m)
    [E1.0 obs] LOOCV 10/100 (0.5m elapsed, ETA 4.5m)
    [E1.0 obs] LOOCV 20/100 (1.1m elapsed, ETA 4.4m)
    [E1.0 obs] LOOCV 30/100 (1.7m elapsed, ETA 3.9m)
    [E1.0 obs] LOOCV 40/100 (2.3m elapsed, ETA 3.4m)
    [E1.0 obs] LOOCV 50/100 (2.9m elapsed, ETA 2.9m)
    [E1.0 obs] LOOCV 60/100 (3.4m elapsed, ETA 2.3m)
    [E1.0 obs] LOOCV 70/100 (3.9m elapsed, ETA 1.7m)
    [E1.0 obs] LOOCV 80/100 (4.6m elapsed, ETA 1.1m)
    [E1.0 obs] LOOCV 90/100 (5.1m elapsed, ETA 0.6m)
    [E1.0 obs] LOOCV 100/100 (5.7m elapsed, ETA 0.0m)
    Total: MAE=8.079, CCC=0.175, cal_slope=0.095
    Obs:   MAE=4.041, CCC=0.245, cal_slope=0.133

  [E1.1] Extracting features (euler=True, freeacc=False, append_freeacc=False)...
    20/100 subjects...
    40/100 subjects...
    60/100 subjects...
    80/100 subjects...
    100/100 subjects...
    Extracted 100 subjects, 1260 features in 292s

  [E1.1] +Euler LOOCV (total + obs)...
    [E1.1 total] LOOCV 10/100 (0.5m elapsed, ETA 4.4m)
    [E1.1 total] LOOCV 20/100 (1.0m elapsed, ETA 4.2m)
    [E1.1 total] LOOCV 30/100 (1.6m elapsed, ETA 3.7m)
    [E1.1 total] LOOCV 40/100 (2.1m elapsed, ETA 3.2m)
    [E1.1 total] LOOCV 50/100 (2.7m elapsed, ETA 2.7m)
    [E1.1 total] LOOCV 60/100 (3.2m elapsed, ETA 2.1m)
    [E1.1 total] LOOCV 70/100 (3.7m elapsed, ETA 1.6m)
    [E1.1 total] LOOCV 80/100 (4.2m elapsed, ETA 1.1m)
    [E1.1 total] LOOCV 90/100 (4.8m elapsed, ETA 0.5m)
    [E1.1 total] LOOCV 100/100 (5.3m elapsed, ETA 0.0m)
    [E1.1 obs] LOOCV 10/100 (0.6m elapsed, ETA 5.0m)
    [E1.1 obs] LOOCV 20/100 (1.2m elapsed, ETA 4.6m)
    [E1.1 obs] LOOCV 30/100 (1.8m elapsed, ETA 4.1m)
    [E1.1 obs] LOOCV 40/100 (2.4m elapsed, ETA 3.6m)
    [E1.1 obs] LOOCV 50/100 (3.0m elapsed, ETA 3.0m)
    [E1.1 obs] LOOCV 60/100 (3.6m elapsed, ETA 2.4m)
    [E1.1 obs] LOOCV 70/100 (4.2m elapsed, ETA 1.8m)
    [E1.1 obs] LOOCV 80/100 (4.8m elapsed, ETA 1.2m)
    [E1.1 obs] LOOCV 90/100 (5.5m elapsed, ETA 0.6m)
    [E1.1 obs] LOOCV 100/100 (6.1m elapsed, ETA 0.0m)
    Total: MAE=7.98, CCC=0.186, cal_slope=0.099
    Obs:   MAE=4.113, CCC=0.226

  [E1.2] Extracting features (euler=False, freeacc=False, append_freeacc=True)...
    20/100 subjects...
    40/100 subjects...
    60/100 subjects...
    80/100 subjects...
    100/100 subjects...
    Extracted 100 subjects, 1357 features in 306s

  [E1.2] +FreeAcc LOOCV...
    [E1.2 total] LOOCV 10/100 (0.5m elapsed, ETA 4.4m)
    [E1.2 total] LOOCV 20/100 (1.0m elapsed, ETA 4.1m)
    [E1.2 total] LOOCV 30/100 (1.6m elapsed, ETA 3.7m)
    [E1.2 total] LOOCV 40/100 (2.1m elapsed, ETA 3.2m)
    [E1.2 total] LOOCV 50/100 (2.7m elapsed, ETA 2.7m)
    [E1.2 total] LOOCV 60/100 (3.2m elapsed, ETA 2.1m)
    [E1.2 total] LOOCV 70/100 (3.7m elapsed, ETA 1.6m)
    [E1.2 total] LOOCV 80/100 (4.2m elapsed, ETA 1.1m)
    [E1.2 total] LOOCV 90/100 (4.8m elapsed, ETA 0.5m)
    [E1.2 total] LOOCV 100/100 (5.3m elapsed, ETA 0.0m)
    [E1.2 obs] LOOCV 10/100 (0.6m elapsed, ETA 5.1m)
    [E1.2 obs] LOOCV 20/100 (1.2m elapsed, ETA 4.8m)
    [E1.2 obs] LOOCV 30/100 (1.9m elapsed, ETA 4.4m)
    [E1.2 obs] LOOCV 40/100 (2.5m elapsed, ETA 3.8m)
    [E1.2 obs] LOOCV 50/100 (3.1m elapsed, ETA 3.1m)
    [E1.2 obs] LOOCV 60/100 (3.8m elapsed, ETA 2.5m)
    [E1.2 obs] LOOCV 70/100 (4.3m elapsed, ETA 1.9m)
    [E1.2 obs] LOOCV 80/100 (5.0m elapsed, ETA 1.2m)
    [E1.2 obs] LOOCV 90/100 (5.6m elapsed, ETA 0.6m)
    [E1.2 obs] LOOCV 100/100 (6.3m elapsed, ETA 0.0m)
    Total: MAE=8.053, CCC=0.185, cal_slope=0.099

  [E1.3] Extracting features (euler=True, freeacc=False, append_freeacc=True)...
    20/100 subjects...
    40/100 subjects...
    60/100 subjects...
    80/100 subjects...
    100/100 subjects...
    Extracted 100 subjects, 1861 features in 349s

  [E1.3] +Euler+FreeAcc LOOCV...
    [E1.3 total] LOOCV 10/100 (0.5m elapsed, ETA 4.6m)
    [E1.3 total] LOOCV 20/100 (1.1m elapsed, ETA 4.3m)
    [E1.3 total] LOOCV 30/100 (1.6m elapsed, ETA 3.8m)
    [E1.3 total] LOOCV 40/100 (2.2m elapsed, ETA 3.3m)
    [E1.3 total] LOOCV 50/100 (2.8m elapsed, ETA 2.8m)
    [E1.3 total] LOOCV 60/100 (3.3m elapsed, ETA 2.2m)
    [E1.3 total] LOOCV 70/100 (3.9m elapsed, ETA 1.7m)
    [E1.3 total] LOOCV 80/100 (4.4m elapsed, ETA 1.1m)
    [E1.3 total] LOOCV 90/100 (5.0m elapsed, ETA 0.6m)
    [E1.3 total] LOOCV 100/100 (5.6m elapsed, ETA 0.0m)
    [E1.3 obs] LOOCV 10/100 (0.6m elapsed, ETA 5.3m)
    [E1.3 obs] LOOCV 20/100 (1.2m elapsed, ETA 4.9m)
    [E1.3 obs] LOOCV 30/100 (1.9m elapsed, ETA 4.3m)
    [E1.3 obs] LOOCV 40/100 (2.5m elapsed, ETA 3.8m)
    [E1.3 obs] LOOCV 50/100 (3.2m elapsed, ETA 3.2m)
    [E1.3 obs] LOOCV 60/100 (3.8m elapsed, ETA 2.5m)
    [E1.3 obs] LOOCV 70/100 (4.4m elapsed, ETA 1.9m)
    [E1.3 obs] LOOCV 80/100 (5.1m elapsed, ETA 1.3m)
    [E1.3 obs] LOOCV 90/100 (5.7m elapsed, ETA 0.6m)
    [E1.3 obs] LOOCV 100/100 (6.4m elapsed, ETA 0.0m)
    Total: MAE=8.039, CCC=0.161, cal_slope=0.086
    Obs:   MAE=4.194, CCC=0.209
  Saved: /root/pd-imu/results/calibration_ablation_phase1_additive.json

  Phase 1 complete.

============================================================
All requested phases complete in 61.3 minutes
============================================================
