
============================================================
PHASE 1: Feature Expansion (Euler + FreeAcc)
============================================================
  PD subjects: 100

  [E1.0] Baseline control (v2+FM)...
    Total: MAE=8.128, CCC=0.159, cal_slope=0.085
    Obs:   MAE=4.062, CCC=0.256, cal_slope=0.141

  [E1.1] Extracting features (euler=True, freeacc=False)...
    20/100 subjects...
    40/100 subjects...
    60/100 subjects...
    80/100 subjects...
    100/100 subjects...
    Extracted 100 subjects, 1260 features in 296s

  [E1.1] +Euler LOOCV (total + obs)...
    Total: MAE=8.56, CCC=0.07, cal_slope=0.037
    Obs:   MAE=4.373, CCC=0.193

  [E1.2] Extracting features (euler=False, freeacc=True)...
    20/100 subjects...
    40/100 subjects...
    60/100 subjects...
    80/100 subjects...
    100/100 subjects...
    Extracted 100 subjects, 756 features in 229s

  [E1.2] +FreeAcc LOOCV...
    Total: MAE=8.203, CCC=0.142, cal_slope=0.075

  [E1.3] Extracting features (euler=True, freeacc=True)...
    20/100 subjects...
    40/100 subjects...
    60/100 subjects...
    80/100 subjects...
    100/100 subjects...
    Extracted 100 subjects, 1260 features in 280s

  [E1.3] +Euler+FreeAcc LOOCV...
    Total: MAE=8.094, CCC=0.169, cal_slope=0.091
    Obs:   MAE=4.46, CCC=0.14
  Saved: /root/pd-imu/results/calibration_ablation_phase1.json

  Phase 1 complete.

============================================================
All requested phases complete in 85.9 minutes
============================================================
