
======================================================================
C2: AGE-CONFOUND SENSITIVITY ANALYSIS
======================================================================

Data loaded:
  PD subjects: 94
  All subjects (PD+HC): 174
  Features: 2520 (v2: 1752, FM: 768)
  T1: range [0, 14], mean=4.1, std=2.8
  T2: range [1, 20], mean=6.8, std=3.8
  T3: range [6, 59], mean=25.2, std=10.2

PD mean age: 67.0 (N=94)
HC mean age: 74.6 (N=80)

Age matching: HC threshold = 77.8y (PD p75=72.8 + 5)
  HC retained: 46/80 (mean age: 68.9)
  Age difference (full): U=1889, p=0.0000
  Age difference (matched): U=1780, p=0.0905

--- SSL with FULL HC (reference) ---
  Ranker uses 80 HC (all) + 94 PD
  Split 1/5: CCC=0.880 slope=0.786 MAE=0.848
  Split 2/5: CCC=0.837 slope=0.641 MAE=0.956
  Split 3/5: CCC=0.802 slope=0.770 MAE=1.138
  Split 4/5: CCC=0.888 slope=0.751 MAE=0.919
  Split 5/5: CCC=0.863 slope=0.666 MAE=1.071

--- SSL with AGE-MATCHED HC ---
  Ranker uses 46 HC (subset) + 94 PD
  Split 1/5: CCC=0.864 slope=0.747 MAE=0.926
  Split 2/5: CCC=0.793 slope=0.588 MAE=1.121
  Split 3/5: CCC=0.872 slope=0.831 MAE=0.878
  Split 4/5: CCC=0.922 slope=0.882 MAE=0.818
  Split 5/5: CCC=0.857 slope=0.692 MAE=1.150

--- SSL with FULL HC, T3 (reference) ---
  Ranker uses 80 HC (all) + 94 PD
  Split 1/5: CCC=0.785 slope=0.572 MAE=4.858
  Split 2/5: CCC=0.672 slope=0.444 MAE=5.854
  Split 3/5: CCC=0.753 slope=0.541 MAE=5.496
  Split 4/5: CCC=0.870 slope=0.650 MAE=3.597
  Split 5/5: CCC=0.736 slope=0.543 MAE=5.034

--- SSL with AGE-MATCHED HC, T3 ---
  Ranker uses 46 HC (subset) + 94 PD
  Split 1/5: CCC=0.719 slope=0.511 MAE=4.991
  Split 2/5: CCC=0.696 slope=0.470 MAE=5.871
  Split 3/5: CCC=0.734 slope=0.480 MAE=5.104
  Split 4/5: CCC=0.862 slope=0.671 MAE=4.046
  Split 5/5: CCC=0.743 slope=0.604 MAE=4.979

--- Partial correlation (controlling age + disease duration) ---
Traceback (most recent call last):
  File "/root/pd-imu/run_reviewer_experiments.py", line 1133, in <module>
    main()
  File "/root/pd-imu/run_reviewer_experiments.py", line 1117, in main
    run_age_sensitivity()
  File "/root/pd-imu/run_reviewer_experiments.py", line 662, in run_age_sensitivity
    beta_true, _, _, _ = lstsq(confounds, y_true, rcond=None)
TypeError: lstsq() got an unexpected keyword argument 'rcond'
