Device: cuda
GPU: NVIDIA GeForce RTX 5060 Ti, 16.6 GB
================================================================================
DL STEP-FUNCTION EXPERIMENTS — MAX GPU UTILIZATION
Baseline: LightGBM 150 features → MAE=7.97, r=0.821
================================================================================
Loaded split: 142 dev + 36 test subjects
Subjects: 185, Dev: 142, Test: 36, Covs: 185
  Loading dev_all5 from CSVs (will cache)...
  Cached dev_all5: (8822, 1000, 78) → /root/pd-imu/data/cache/dev_all5_X.npy
  Loading test_sp_hp from CSVs (will cache)...
  Cached test_sp_hp: (511, 1000, 78) → /root/pd-imu/data/cache/test_sp_hp_X.npy
  Loading all_all5 from CSVs (will cache)...
  Cached all_all5: (10875, 1000, 78) → /root/pd-imu/data/cache/all_all5_X.npy
  Dev: (8822, 1000, 78), Test: (511, 1000, 78), All(SSL): (10875, 1000, 78)

================================================================================
PHASE 1: SELF-SUPERVISED PRETRAINING
================================================================================

  SSL pretrain (mae): 10875 windows, 100 epochs, bs=128
    Ep 25: loss=0.9363
    Ep 50: loss=0.8909
    Ep 75: loss=0.8863
    Ep 100: loss=0.8905
  MAE done in 1414s

  SSL pretrain (contrastive): 10875 windows, 100 epochs, bs=128
    Ep 25: loss=0.0176
    Ep 50: loss=0.0104
    Ep 75: loss=0.0047
    Ep 100: loss=0.0044
  Contrastive done in 2323s

--- P1A: MAE→Transformer 128d/4L + MIL ---
  Loaded 50/60 pretrained weights
  Params: 1.7M
  Seed 42: MAE=10.27, r=0.508, 741s, 0.8GB
  Seed 123: MAE=9.76, r=0.521, 680s, 0.8GB
  Seed 456: MAE=17.11, r=0.453, 228s, 0.8GB
  Seed 789: MAE=11.76, r=0.300, 608s, 0.8GB
  Seed 2024: MAE=10.49, r=0.461, 599s, 0.8GB
  MEAN: MAE=11.88+/-2.70, r=0.449
  ENS:  MAE=10.85, r=0.590

--- P1B: Contrastive→Transformer 128d/4L + MIL ---
  Loaded 60/60 pretrained weights
  Params: 1.7M
  Seed 42: MAE=11.22, r=0.247, 726s, 0.8GB
  Seed 123: MAE=11.52, r=0.323, 645s, 0.8GB
  Seed 456: MAE=17.30, r=0.437, 171s, 0.8GB
  Seed 789: MAE=12.24, r=0.290, 516s, 0.8GB
  Seed 2024: MAE=12.52, r=0.230, 418s, 0.8GB
  MEAN: MAE=12.96+/-2.22, r=0.306
  ENS:  MAE=11.70, r=0.349

--- P1C: Transformer 128d/4L + MIL (scratch) ---
  Params: 1.7M
  Seed 42: MAE=11.87, r=0.414, 584s, 0.8GB
  Seed 123: MAE=9.83, r=0.424, 397s, 0.8GB
  Seed 456: MAE=16.88, r=0.254, 121s, 0.8GB
  Seed 789: MAE=10.66, r=0.343, 391s, 0.8GB
  Seed 2024: MAE=10.58, r=0.544, 146s, 0.8GB
  MEAN: MAE=11.96+/-2.54, r=0.396
  ENS:  MAE=10.99, r=0.521

================================================================================
PHASE 3: INCEPTIONTIME
================================================================================

--- P3A: InceptionTime 3blk + MIL ---
  Params: 1.8M
  Seed 42: MAE=12.99, r=0.283, 360s, 5.9GB
  Seed 123: MAE=13.38, r=0.311, 242s, 5.9GB
  Seed 456: MAE=16.66, r=-0.191, 155s, 5.9GB
  Seed 789: MAE=11.61, r=0.412, 220s, 5.9GB
  Seed 2024: MAE=11.47, r=0.325, 218s, 5.9GB
  MEAN: MAE=13.22+/-1.87, r=0.228
  ENS:  MAE=11.87, r=0.470

--- P3B: InceptionTime 3blk + ordinal ---
  Params: 1.5M
  Seed 42: MAE=12.30, r=0.130, 210s, 5.9GB
  Seed 123: MAE=12.02, r=0.420, 354s, 5.9GB
  Seed 456: MAE=11.01, r=0.446, 296s, 5.9GB
  Seed 789: MAE=10.89, r=0.399, 308s, 5.9GB
  Seed 2024: MAE=13.44, r=0.347, 262s, 5.9GB
  MEAN: MAE=11.93+/-0.93, r=0.349
  ENS:  MAE=10.46, r=0.436

--- P3C: InceptionTime 4blk larger ---
  Params: 8.1M
Traceback (most recent call last):
  File "/root/pd-imu/run_dl_experiments.py", line 1208, in <module>
    "ens_mae": round(em,3), "ens_r": round(er,3),
  File "/root/pd-imu/run_dl_experiments.py", line 902, in main
    print("Baseline: LightGBM 150 features → MAE=7.97, r=0.821")
  File "/root/pd-imu/run_dl_experiments.py", line 813, in run_experiment
    if best_sd:
  File "/root/pd-imu/run_dl_experiments.py", line 737, in train_mil
    return ft
  File "/root/pd-imu/run_dl_experiments.py", line 437, in get_loss
    
  File "/usr/local/lib/python3.10/dist-packages/torch/nn/modules/module.py", line 1776, in _wrapped_call_impl
    return self._call_impl(*args, **kwargs)
  File "/usr/local/lib/python3.10/dist-packages/torch/nn/modules/module.py", line 1787, in _call_impl
    return forward_call(*args, **kwargs)
  File "/root/pd-imu/run_dl_experiments.py", line 298, in forward
    def __init__(self, X):
  File "/usr/local/lib/python3.10/dist-packages/torch/nn/modules/module.py", line 1776, in _wrapped_call_impl
    return self._call_impl(*args, **kwargs)
  File "/usr/local/lib/python3.10/dist-packages/torch/nn/modules/module.py", line 1787, in _call_impl
    return forward_call(*args, **kwargs)
  File "/usr/local/lib/python3.10/dist-packages/torch/nn/modules/container.py", line 253, in forward
    input = module(input)
  File "/usr/local/lib/python3.10/dist-packages/torch/nn/modules/module.py", line 1776, in _wrapped_call_impl
    return self._call_impl(*args, **kwargs)
  File "/usr/local/lib/python3.10/dist-packages/torch/nn/modules/module.py", line 1787, in _call_impl
    return forward_call(*args, **kwargs)
  File "/root/pd-imu/run_dl_experiments.py", line 281, in forward
    return X, torch.tensor(bag["y"]), torch.from_numpy(bag["cov"])
torch.OutOfMemoryError: CUDA out of memory. Tried to allocate 1.83 GiB. GPU 0 has a total capacity of 15.48 GiB of which 1.60 GiB is free. Including non-PyTorch memory, this process has 13.86 GiB memory in use. Of the allocated memory 11.78 GiB is allocated by PyTorch, and 1.90 GiB is reserved by PyTorch but unallocated. If reserved but unallocated memory is large try setting PYTORCH_ALLOC_CONF=expandable_segments:True to avoid fragmentation.  See documentation for Memory Management  (https://pytorch.org/docs/stable/notes/cuda.html#environment-variables)
