======================================================================
PROPOSALS P4: FREEZING-OF-GAIT TRANSFER LEARNING
======================================================================

[1/5] Loading data...
Loaded split: 142 dev + 36 test subjects
  Subjects with item 11: 182
  FoG+ (item 11 > 0): 14
  FoG- (item 11 = 0): 168

[2/5] Extracting FoG-specific features...
    20/178 subjects...
    40/178 subjects...
    60/178 subjects...
    80/178 subjects...
    100/178 subjects...
    120/178 subjects...
    140/178 subjects...
    160/178 subjects...
  FoG features: 258 features for 178 subjects
  Dev: 139 subjects, Test: 36 subjects

[3/5] FoG detection (binary)...
    Dev: 9 FoG+ / 130 FoG-
    Test: 5 FoG+ / 31 FoG-
    AUC=0.500 F1=0.000

[3.5/5] FoG severity (FoG features only)...
    Item 11 severity: MAE=0.22 r=0.000

[3.6/5] FoG severity (base IMU features)...
    Item 11 severity: MAE=0.22 r=0.000

[3.7/5] FoG severity (base + FoG features)...
    Item 11 severity: MAE=0.22 r=0.000

[4/5] Integration test: FoG features → total score...
