======================================================================
PROPOSALS P3: SSL PRETRAINED HYBRID FUSION
Device: cuda
======================================================================

[1/5] Loading clinical data...
Loaded split: 142 dev + 36 test subjects

[2/5] Loading raw IMU windows for pretraining...
    Loaded 20/178 subjects...
    Loaded 40/178 subjects...
    Loaded 60/178 subjects...
    Loaded 80/178 subjects...
    Loaded 100/178 subjects...
    Loaded 120/178 subjects...
    Loaded 140/178 subjects...
    Loaded 160/178 subjects...
  Total windows: 13550

[3/5] Self-supervised pretraining (masked autoencoder)...
    Normalized: mean=-0.0000 std=0.8927 range=[-10.00, 10.00]
    Pretraining on 13550 windows for 30 epochs...
      Epoch 5/30: loss=0.4685 (53 batches)
      Epoch 10/30: loss=0.4097 (53 batches)
      Epoch 15/30: loss=0.3857 (53 batches)
      Epoch 20/30: loss=0.3767 (53 batches)
      Epoch 25/30: loss=0.3701 (53 batches)
      Epoch 30/30: loss=0.3705 (53 batches)
    Normalized: mean=-0.0000 std=0.8927 range=[-10.00, 10.00]

[4/5] Extracting per-subject embeddings...
  Embedding dim: 128, subjects with embeddings: 178

[5/5] Running fusion experiments...
    A: Features only (baseline)...
