Device: cuda
============================================================
WearGait-PD: MIM Pretraining + Fine-tuning
============================================================
  Task 1/5 'SelfPace': 178 subjects loaded
  Task 2/5 'HurriedPace': 177 subjects loaded
  Task 3/5 'TandemGait': 174 subjects loaded
  Task 4/5 'TUG': 176 subjects loaded
  Task 5/5 'Balance': 174 subjects loaded
Loaded 10875 windows from 178 subjects (5 tasks)

============================================================
MIM Pretraining (10875 windows, 100 epochs)
============================================================
Model params: 7.41M
  Epoch 5/100: loss=1.016621 [22s]
  Epoch 10/100: loss=1.002197 [42s]
  Epoch 15/100: loss=0.993305 [63s]
  Epoch 20/100: loss=0.988022 [83s]
  Epoch 25/100: loss=0.985532 [104s]
  Epoch 30/100: loss=0.981486 [125s]
  Epoch 35/100: loss=0.979559 [145s]
  Epoch 40/100: loss=0.977329 [166s]
  Epoch 45/100: loss=0.975315 [186s]
  Epoch 50/100: loss=0.973897 [207s]
  Epoch 55/100: loss=0.975024 [228s]
  Epoch 60/100: loss=0.974438 [248s]
  Epoch 65/100: loss=0.972973 [269s]
  Epoch 70/100: loss=0.971865 [289s]
  Epoch 75/100: loss=0.974289 [310s]
  Epoch 80/100: loss=0.972638 [330s]
  Epoch 85/100: loss=0.970974 [351s]
  Epoch 90/100: loss=0.970641 [372s]
  Epoch 95/100: loss=0.969609 [392s]
  Epoch 100/100: loss=0.971977 [413s]
Pretraining done in 413s
GPU peak: 0.68 GB
  Task 1/2 'SelfPace': 178 subjects loaded
  Task 2/2 'HurriedPace': 177 subjects loaded
Loaded 2532 windows from 178 subjects (2 tasks)

============================================================
Fine-tuning: MIM Pretrained
============================================================
  Fold 1/5: 35 subjects [31.7s]
  Fold 2/5: 36 subjects [27.9s]
  Fold 3/5: 35 subjects [41.8s]
  Fold 4/5: 36 subjects [24.9s]
  Fold 5/5: 36 subjects [33.4s]

>>> MIM Pretrained:
  PD vs HC: Acc=0.730, AUC=0.802
  UPDRS-III: MAE=9.97, r=0.367 (p=0.000000)
  Time: 160s

============================================================
Fine-tuning: Random Init
============================================================
  Fold 1/5: 35 subjects [31.6s]
  Fold 2/5: 36 subjects [28.4s]
  Fold 3/5: 35 subjects [30.1s]
  Fold 4/5: 36 subjects [24.8s]
  Fold 5/5: 36 subjects [23.1s]

>>> Random Init:
  PD vs HC: Acc=0.736, AUC=0.812
  UPDRS-III: MAE=10.66, r=0.322 (p=0.000012)
  Time: 138s

============================================================
MIM PRETRAINING COMPARISON
============================================================
Config                            AUC    MAE      r
-------------------------------------------------------
Random Init                     0.812  10.66  0.322
MIM Pretrained (100ep)          0.802   9.97  0.367

Pretraining gain: AUC +-0.010, MAE -0.69
