======================================================================
OBSERVABLE SUBSCORE CALIBRATION BIAS ABLATION
Phases: [3]
Items: 3.9-3.14 (direct observable), max=24
Seeds: [42, 123, 456, 789, 2024]
Device: CPU (GPU too slow for N=94)
======================================================================

======================================================================
PHASE 3: Task-Specific Ensemble
======================================================================
PD with obs_subscore: 96

  Extracting features for task: SelfPace
    SelfPace: 178 subjects (96 PD), 1075 features

  Extracting features for task: HurriedPace
    HurriedPace: 178 subjects (96 PD), 1075 features

  Extracting features for task: TUG
    TUG: 177 subjects (95 PD), 1075 features

  Extracting features for task: TandemGait
    TandemGait: 175 subjects (93 PD), 1075 features

  Extracting features for task: Balance
    Balance: 176 subjects (95 PD), 1075 features

Common PD subjects across all 5 tasks: 93
Common all subjects across all tasks: 174

--- E3.0: Task-specific ensemble ---
    [10/93] running MAE=2.095 (230s elapsed, ~1906s remaining)
    [20/93] running MAE=2.003 (462s elapsed, ~1685s remaining)
    [30/93] running MAE=1.894 (694s elapsed, ~1457s remaining)
    [40/93] running MAE=1.948 (934s elapsed, ~1238s remaining)
    [50/93] running MAE=1.696 (1174s elapsed, ~1010s remaining)
    [60/93] running MAE=1.765 (1409s elapsed, ~775s remaining)
    [70/93] running MAE=1.853 (1643s elapsed, ~540s remaining)
    [80/93] running MAE=1.746 (1879s elapsed, ~305s remaining)
    [90/93] running MAE=1.705 (2121s elapsed, ~71s remaining)
  E3.0 DONE in 2195s: MAE=1.692, CCC=0.548, cal_slope=0.417

--- E3.1: Best single task model ---

  Single task: SelfPace
    [10/96] SelfPace running MAE=2.335
    [20/96] SelfPace running MAE=2.072
    [30/96] SelfPace running MAE=2.164
    [40/96] SelfPace running MAE=2.238
    [50/96] SelfPace running MAE=2.092
    [60/96] SelfPace running MAE=2.133
    [70/96] SelfPace running MAE=2.183
    [80/96] SelfPace running MAE=2.058
    [90/96] SelfPace running MAE=1.978
  SelfPace: MAE=1.98, CCC=0.494, cal_slope=0.386 (423s)

  Single task: HurriedPace
    [10/96] HurriedPace running MAE=2.802
    [20/96] HurriedPace running MAE=2.516
    [30/96] HurriedPace running MAE=2.280
    [40/96] HurriedPace running MAE=2.245
    [50/96] HurriedPace running MAE=2.104
    [60/96] HurriedPace running MAE=2.190
    [70/96] HurriedPace running MAE=2.184
    [80/96] HurriedPace running MAE=2.059
    [90/96] HurriedPace running MAE=1.991
  HurriedPace: MAE=1.968, CCC=0.48, cal_slope=0.356 (408s)

  Single task: TUG
    [10/95] TUG running MAE=2.463
    [20/95] TUG running MAE=2.405
    [30/95] TUG running MAE=2.157
    [40/95] TUG running MAE=2.152
    [50/95] TUG running MAE=1.989
    [60/95] TUG running MAE=2.042
    [70/95] TUG running MAE=2.088
    [80/95] TUG running MAE=1.973
    [90/95] TUG running MAE=1.975
  TUG: MAE=1.951, CCC=0.485, cal_slope=0.361 (393s)

  Single task: TandemGait
    [10/93] TandemGait running MAE=2.933
    [20/93] TandemGait running MAE=2.388
    [30/93] TandemGait running MAE=2.063
    [40/93] TandemGait running MAE=1.929
    [50/93] TandemGait running MAE=1.837
    [60/93] TandemGait running MAE=1.917
    [70/93] TandemGait running MAE=1.901
    [80/93] TandemGait running MAE=1.825
    [90/93] TandemGait running MAE=1.859
  TandemGait: MAE=1.826, CCC=0.271, cal_slope=0.175 (386s)

  Single task: Balance
    [10/95] Balance running MAE=2.578
    [20/95] Balance running MAE=2.484
    [30/95] Balance running MAE=2.192
    [40/95] Balance running MAE=2.104
    [50/95] Balance running MAE=1.960
    [60/95] Balance running MAE=1.999
    [70/95] Balance running MAE=2.075
    [80/95] Balance running MAE=2.018
    [90/95] Balance running MAE=1.957
  Balance: MAE=1.918, CCC=0.373, cal_slope=0.258 (386s)

  Best single task: TandemGait (MAE=1.826)

--- E3.2: Task-specific + walkway fusion ---
Walkway loaded: 135 subjects, 31 metrics
    [10/93] running MAE=2.030
    [20/93] running MAE=1.931
    [30/93] running MAE=1.870
    [40/93] running MAE=1.928
    [50/93] running MAE=1.705
    [60/93] running MAE=1.772
    [70/93] running MAE=1.854
    [80/93] running MAE=1.752
    [90/93] running MAE=1.713
  E3.2 DONE in 2219s: MAE=1.708, CCC=0.547, cal_slope=0.417

Phase 3 saved: /root/pd-imu/results/obs_bias_ablation_phase3.json

==========================================================================================
SUMMARY: Observable Subscore Calibration Bias Ablation
==========================================================================================
Experiment                                  MAE    CCC  cal_slope      r     N
------------------------------------------------------------------------------------------
E3.0_task_ensemble                        1.692  0.548      0.417  0.617    93
E3.1_best_metrics                         1.826  0.271      0.175  0.369    93
E3.2_task_walkway_fusion                  1.708  0.547      0.417  0.607    93
==========================================================================================

Target: cal_slope closer to 1.0 (current baseline ~0.40)
Observable subscore range: [0, 24], items 3.9-3.14

Total runtime: 7142s (119.0 min)
