Subjects: 185

============================================================
Caching VelInc features (regular)
============================================================
  20/185 subjects...
  40/185 subjects...
  60/185 subjects...
  80/185 subjects...
  100/185 subjects...
  120/185 subjects...
  140/185 subjects...
  160/185 subjects...
  180/185 subjects...
  Saved: /root/pd-imu/results/velinc_features.csv
  182 subjects, 494 features, 1449 recordings (584s)

============================================================
Caching VelInc features (phase-gated)
============================================================
  20/185 subjects...
  40/185 subjects...
  60/185 subjects...
  80/185 subjects...
  100/185 subjects...
  120/185 subjects...
  140/185 subjects...
  160/185 subjects...
  180/185 subjects...
  Saved: /root/pd-imu/results/velinc_gated_features.csv
  182 subjects, 988 features, 1449 recordings (610s)

============================================================
Caching walkway features
============================================================
  Saved: /root/pd-imu/results/walkway_features.csv
  0 subjects, 0 features

============================================================
ALL CACHES COMPLETE
============================================================
