
=== T3 iter23 5-FOLD ABLATION (alpha=1.0, 3 seeds × 19 feature sets, n_workers=11) ===
Iter5 A3_tier1 LOOCV baseline = 0.5227 (apples-to-apples 5-fold ≈ same).
Total jobs: 57
  [  1/57] B0_check_no_extras               seed=  42  CCC=+0.4850  MAE=7.928  r=+0.5028  (12.8s)
  [  2/57] B0_iter5_canonical               seed=   7  CCC=+0.5227  MAE=7.655  r=+0.5422  (12.9s)
  [  3/57] B0_check_no_extras               seed=   7  CCC=+0.5227  MAE=7.655  r=+0.5422  (13.0s)
  [  4/57] B0_iter5_canonical               seed=  42  CCC=+0.4850  MAE=7.928  r=+0.5028  (13.0s)
  [  5/57] B1_plus_ledd_total               seed=  42  CCC=+0.4649  MAE=7.906  r=+0.4818  (13.1s)
  [  6/57] B2_plus_ledd_split               seed=  42  CCC=+0.4384  MAE=8.443  r=+0.4532  (13.2s)
  [  7/57] B0_iter5_canonical               seed=1337  CCC=+0.4492  MAE=8.112  r=+0.4796  (13.6s)
  [  8/57] B0_check_no_extras               seed=1337  CCC=+0.4492  MAE=8.112  r=+0.4796  (13.6s)
  [  9/57] B1_plus_ledd_total               seed=1337  CCC=+0.4175  MAE=8.499  r=+0.4391  (13.7s)
  [ 10/57] B1_plus_ledd_total               seed=   7  CCC=+0.4699  MAE=7.884  r=+0.4832  (13.7s)
  [ 11/57] B2_plus_ledd_split               seed=1337  CCC=+0.4545  MAE=8.064  r=+0.4746  (13.8s)
  [ 12/57] B3_plus_ledd_other               seed=  42  CCC=+0.4316  MAE=8.602  r=+0.4359  (12.5s)
  [ 13/57] B2_plus_ledd_split               seed=   7  CCC=+0.4947  MAE=7.786  r=+0.5153  (12.8s)
  [ 14/57] B3_plus_ledd_other               seed=   7  CCC=+0.3235  MAE=9.008  r=+0.3647  (12.8s)
  [ 15/57] B3_plus_ledd_other               seed=1337  CCC=+0.4528  MAE=8.416  r=+0.4542  (13.1s)
  [ 16/57] B4_plus_part1_sum                seed=1337  CCC=+0.4138  MAE=8.491  r=+0.4365  (12.9s)
  [ 17/57] B4_plus_part1_sum                seed=  42  CCC=+0.5002  MAE=7.502  r=+0.5189  (13.0s)
  [ 18/57] B4_plus_part1_sum                seed=   7  CCC=+0.4338  MAE=8.269  r=+0.4543  (12.9s)
  [ 19/57] B5_plus_part1_cognitive          seed=   7  CCC=+0.4762  MAE=8.125  r=+0.4954  (13.0s)
  [ 20/57] B6_plus_part1_hallucinations     seed=  42  CCC=+0.4604  MAE=8.206  r=+0.4850  (12.9s)
  [ 21/57] B5_plus_part1_cognitive          seed=1337  CCC=+0.4499  MAE=8.187  r=+0.4704  (13.1s)
  [ 22/57] B5_plus_part1_cognitive          seed=  42  CCC=+0.5234  MAE=7.615  r=+0.5455  (13.3s)
  [ 23/57] B6_plus_part1_hallucinations     seed=1337  CCC=+0.4473  MAE=8.071  r=+0.4705  (12.7s)
  [ 24/57] B6_plus_part1_hallucinations     seed=   7  CCC=+0.4982  MAE=7.811  r=+0.5139  (12.7s)
  [ 25/57] B7_plus_onoff                    seed=  42  CCC=+0.4872  MAE=8.000  r=+0.5054  (12.9s)
  [ 26/57] B7_plus_onoff                    seed=   7  CCC=+0.4796  MAE=7.983  r=+0.4932  (12.7s)
  [ 27/57] B7_plus_onoff                    seed=1337  CCC=+0.4166  MAE=8.492  r=+0.4384  (12.8s)
  [ 28/57] B8_plus_assistive                seed=  42  CCC=+0.4234  MAE=8.295  r=+0.4408  (13.1s)
  [ 29/57] B8_plus_assistive                seed=1337  CCC=+0.4359  MAE=8.341  r=+0.4531  (13.1s)
  [ 30/57] B9_plus_ptot                     seed=  42  CCC=+0.4664  MAE=8.031  r=+0.4856  (12.8s)
  [ 31/57] B8_plus_assistive                seed=   7  CCC=+0.4846  MAE=8.190  r=+0.4998  (13.1s)
  [ 32/57] B9_plus_ptot                     seed=1337  CCC=+0.3911  MAE=8.702  r=+0.4102  (13.2s)
  [ 33/57] B9_plus_ptot                     seed=   7  CCC=+0.4753  MAE=7.890  r=+0.4920  (13.0s)
  [ 34/57] B10_plus_race                    seed=  42  CCC=+0.4057  MAE=8.422  r=+0.4198  (12.5s)
  [ 35/57] B10_plus_race                    seed=1337  CCC=+0.4580  MAE=8.144  r=+0.4766  (12.8s)
  [ 36/57] B11_plus_days_p3                 seed=  42  CCC=+0.4858  MAE=7.794  r=+0.5021  (12.6s)
  [ 37/57] B10_plus_race                    seed=   7  CCC=+0.4697  MAE=7.980  r=+0.4870  (12.8s)
  [ 38/57] B11_plus_days_p3                 seed=1337  CCC=+0.4341  MAE=8.285  r=+0.4563  (13.0s)
  [ 39/57] B11_plus_days_p3                 seed=   7  CCC=+0.4879  MAE=7.612  r=+0.5067  (13.0s)
  [ 40/57] C1_ledd_plus_part1               seed=  42  CCC=+0.4503  MAE=8.057  r=+0.4672  (12.8s)
  [ 41/57] C2_ledd_plus_onoff               seed=  42  CCC=+0.4398  MAE=8.121  r=+0.4563  (12.9s)
  [ 42/57] C1_ledd_plus_part1               seed=1337  CCC=+0.4493  MAE=8.078  r=+0.4731  (13.2s)
  [ 43/57] C1_ledd_plus_part1               seed=   7  CCC=+0.4457  MAE=8.356  r=+0.4571  (13.0s)
  [ 44/57] C2_ledd_plus_onoff               seed=1337  CCC=+0.4139  MAE=8.606  r=+0.4360  (13.3s)
  [ 45/57] C2_ledd_plus_onoff               seed=   7  CCC=+0.4652  MAE=8.010  r=+0.4763  (12.6s)
  [ 46/57] C3_part1_plus_onoff              seed=  42  CCC=+0.4825  MAE=7.996  r=+0.4973  (12.5s)
  [ 47/57] C3_part1_plus_onoff              seed=1337  CCC=+0.3886  MAE=8.463  r=+0.4118  (12.8s)
  [ 48/57] C3_part1_plus_onoff              seed=   7  CCC=+0.4214  MAE=8.075  r=+0.4380  (13.0s)
  [ 49/57] C4_ledd_plus_assistive           seed=  42  CCC=+0.3319  MAE=8.728  r=+0.3434  (12.7s)
  [ 50/57] C4_ledd_plus_assistive           seed=   7  CCC=+0.4140  MAE=8.682  r=+0.4193  (12.9s)
  [ 51/57] D1_ledd_part1_onoff              seed=  42  CCC=+0.4707  MAE=7.929  r=+0.4863  (12.8s)
  [ 52/57] C4_ledd_plus_assistive           seed=1337  CCC=+0.4185  MAE=8.276  r=+0.4372  (13.5s)
  [ 53/57] D1_ledd_part1_onoff              seed=   7  CCC=+0.4474  MAE=8.113  r=+0.4577  (13.1s)
  [ 54/57] D1_ledd_part1_onoff              seed=1337  CCC=+0.3992  MAE=8.685  r=+0.4171  (13.2s)
  [ 55/57] D2_ledd_part1_onoff_assist       seed=  42  CCC=+0.4175  MAE=8.124  r=+0.4330  (13.0s)
  [ 56/57] D2_ledd_part1_onoff_assist       seed=1337  CCC=+0.4314  MAE=8.429  r=+0.4481  (12.0s)
  [ 57/57] D2_ledd_part1_onoff_assist       seed=   7  CCC=+0.3922  MAE=8.608  r=+0.3996  (12.2s)

All jobs done in 76.0s wall.
Wrote /root/pd-imu/results/iter23_clinical_ablation_5fold_20260505_052551.csv

=== Per-set 5-fold CCC summary (sorted by mean, descending) ===
  Baseline (B0_iter5_canonical) mean = 0.4856
  feature_set                           mean       std    Δ_vs_B0    gate
  --------------------------------  --------  --------  ---------  ------
  B0_check_no_extras                +0.4856  0.0368  +0.0000    ----
  B0_iter5_canonical                +0.4856  0.0368  +0.0000    ----
  B5_plus_part1_cognitive           +0.4832  0.0372  -0.0025    ----
  B11_plus_days_p3                  +0.4693  0.0305  -0.0163    ----
  B6_plus_part1_hallucinations      +0.4686  0.0265  -0.0170    ----
  B2_plus_ledd_split                +0.4625  0.0290  -0.0231    ----
  B7_plus_onoff                     +0.4611  0.0388  -0.0245    ----
  B1_plus_ledd_total                +0.4508  0.0290  -0.0349    ----
  B4_plus_part1_sum                 +0.4493  0.0452  -0.0364    ----
  C1_ledd_plus_part1                +0.4485  0.0024  -0.0372    ----
  B8_plus_assistive                 +0.4480  0.0323  -0.0376    ----
  B10_plus_race                     +0.4445  0.0341  -0.0412    ----
  B9_plus_ptot                      +0.4443  0.0462  -0.0413    ----
  C2_ledd_plus_onoff                +0.4397  0.0257  -0.0460    ----
  D1_ledd_part1_onoff               +0.4391  0.0365  -0.0465    ----
  C3_part1_plus_onoff               +0.4308  0.0476  -0.0548    ----
  D2_ledd_part1_onoff_assist        +0.4137  0.0198  -0.0719    ----
  B3_plus_ledd_other                +0.4026  0.0693  -0.0830    ----
  C4_ledd_plus_assistive            +0.3881  0.0488  -0.0975    ----

=== Gate verdict (5-fold Δ ≥ +0.025 AND seed std < 0.020) ===
  No set passes the strict 5-fold gate. iter5 A3_tier1 stays canonical.
