
Loaded pre-reg preregistration_t3_iter25_pads_20260505_073324.json
  seeds = [42, 1337, 7], formula_sha256 = 9972a6d163382174...

=== Extract WearGait wrist features (PD-only, matches canonical iter5) ===
  WG SIDs: 98 PD (HC not available locally — see F31 download notes)
  WG wrist features: (98, 71)  (69 cols, extract elapsed 100.1s)

=== Extract PADS wrist features ===
  PADS subjects: 310 (243 PD + 67 HC)
  PADS features: 70 (extract elapsed 14.0s)
  Common features: 69

=== Track A — V2-wrist LGB regressor (zero-shot UPDRS regression → AUROC) ===
  AUROC = 0.5166
  Spearman ρ vs label = +0.0236
  Pred mean: HC=24.53, PD=24.89
  Per-seed AUROC: [0.553, 0.486, 0.516]

=== Track B — iter5-restricted Stage 1+2 with PADS clinical imputation ===
  AUROC = 0.4177
  Spearman ρ vs label = -0.1174
  Stage 1 pred mean: HC=26.60, PD=24.53
  Full pred mean:    HC=28.90, PD=28.06
  Imputed: hy=2.05, cv_yrs=5.94, cv_dbs=0.235
  Per-seed AUROC: [0.417, 0.426, 0.419]

=== Track C — PADS-only 5-fold baseline (upper bound) ===
  AUROC mean ± std: 0.6336 ± 0.0194
  Per-seed: [0.658, 0.61, 0.632]

=== VERDICT (headline AUROC 0.5166): NO TRANSFER (also publishable; adds to structural-ceiling story) ===

Wrote iter25_pads_zeroshot_20260505_073324.json
