[Sat Mar 14 02:13:36 PM UTC 2026] Starting sequential phase execution
[Sat Mar 14 02:13:36 PM UTC 2026] Phase 0: Baseline
======================================================================
OBSERVABLE SUBSCORE CALIBRATION BIAS ABLATION
Phases: [0]
Items: 3.9-3.14 (direct observable), max=24
Seeds: [42, 123, 456, 789, 2024]
Device: CPU (GPU too slow for N=94)
======================================================================

======================================================================
PHASE 0: Baseline (reproduce Phase 3 observable model)
======================================================================
Data loaded: 178 subjects, 1752 v2 + 768 FM = 2520 features
PD subjects with obs_subscore: 94

  [P0_baseline] LOOCV over 94 PD subjects, K=300, 2520 features
    [10/94] running MAE=1.513 (91s elapsed, ~764s remaining)
    [20/94] running MAE=1.902 (181s elapsed, ~668s remaining)
    [30/94] running MAE=1.897 (263s elapsed, ~561s remaining)
    [40/94] running MAE=1.777 (346s elapsed, ~467s remaining)
    [50/94] running MAE=1.581 (433s elapsed, ~381s remaining)
    [60/94] running MAE=1.650 (517s elapsed, ~293s remaining)
    [70/94] running MAE=1.720 (600s elapsed, ~206s remaining)
    [80/94] running MAE=1.683 (690s elapsed, ~121s remaining)
    [90/94] running MAE=1.586 (776s elapsed, ~34s remaining)
  [P0_baseline] DONE in 808s: MAE=1.618, CCC=0.61, cal_slope=0.446, r=0.675

Saved: /root/pd-imu/results/obs_bias_ablation_phase0.json

==========================================================================================
SUMMARY: Observable Subscore Calibration Bias Ablation
==========================================================================================
Experiment                                  MAE    CCC  cal_slope      r     N
------------------------------------------------------------------------------------------
P0_baseline                               1.618  0.610      0.446  0.675    94
==========================================================================================

Target: cal_slope closer to 1.0 (current baseline ~0.40)
Observable subscore range: [0, 24], items 3.9-3.14

Total runtime: 810s (13.5 min)
[Sat Mar 14 02:13:36 PM UTC 2026] Phase 1: Walkway
======================================================================
OBSERVABLE SUBSCORE CALIBRATION BIAS ABLATION
Phases: [1]
Items: 3.9-3.14 (direct observable), max=24
Seeds: [42, 123, 456, 789, 2024]
Device: CPU (GPU too slow for N=94)
======================================================================

======================================================================
PHASE 1: Walkway Metrics
======================================================================
Data loaded: 178 subjects, 1752 v2 + 768 FM = 2520 features
Walkway loaded: 135 subjects, 31 metrics
PD with walkway: 60, without: 34
Walkway features in DataFrame: 32

--- E1.0: Walkway-only ---

  [E1.0_walkway_only] LOOCV over 94 PD subjects, K=150, 32 features
    [10/94] running MAE=1.887 (7s elapsed, ~56s remaining)
    [20/94] running MAE=2.173 (11s elapsed, ~41s remaining)
    [30/94] running MAE=2.184 (16s elapsed, ~34s remaining)
    [40/94] running MAE=2.021 (20s elapsed, ~28s remaining)
    [50/94] running MAE=1.921 (25s elapsed, ~22s remaining)
    [60/94] running MAE=2.068 (29s elapsed, ~17s remaining)
    [70/94] running MAE=2.074 (34s elapsed, ~12s remaining)
    [80/94] running MAE=2.173 (38s elapsed, ~7s remaining)
    [90/94] running MAE=2.053 (43s elapsed, ~2s remaining)
  [E1.0_walkway_only] DONE in 44s: MAE=2.168, CCC=0.092, cal_slope=0.058, r=0.201

--- E1.1: Walkway + v2 ---

  [E1.1_walkway_v2] LOOCV over 94 PD subjects, K=300, 1784 features
    [10/94] running MAE=1.500 (74s elapsed, ~624s remaining)
    [20/94] running MAE=1.916 (147s elapsed, ~544s remaining)
    [30/94] running MAE=1.919 (215s elapsed, ~459s remaining)
    [40/94] running MAE=1.793 (284s elapsed, ~383s remaining)
    [50/94] running MAE=1.602 (354s elapsed, ~312s remaining)
    [60/94] running MAE=1.671 (424s elapsed, ~240s remaining)
    [70/94] running MAE=1.740 (491s elapsed, ~168s remaining)
    [80/94] running MAE=1.713 (559s elapsed, ~98s remaining)
    [90/94] running MAE=1.637 (629s elapsed, ~28s remaining)
  [E1.1_walkway_v2] DONE in 657s: MAE=1.692, CCC=0.564, cal_slope=0.405, r=0.646

--- E1.2: Walkway + v2 + FM ---

  [E1.2_walkway_v2_fm] LOOCV over 94 PD subjects, K=300, 2552 features
    [10/94] running MAE=1.632 (103s elapsed, ~867s remaining)
    [20/94] running MAE=1.990 (205s elapsed, ~757s remaining)
    [30/94] running MAE=1.930 (302s elapsed, ~644s remaining)
    [40/94] running MAE=1.835 (401s elapsed, ~541s remaining)
    [50/94] running MAE=1.628 (502s elapsed, ~441s remaining)
    [60/94] running MAE=1.678 (600s elapsed, ~340s remaining)
    [70/94] running MAE=1.726 (697s elapsed, ~239s remaining)
    [80/94] running MAE=1.674 (795s elapsed, ~139s remaining)
    [90/94] running MAE=1.588 (888s elapsed, ~39s remaining)
  [E1.2_walkway_v2_fm] DONE in 927s: MAE=1.637, CCC=0.604, cal_slope=0.443, r=0.673

--- E1.3: Walkway-only (walkway-available subjects only) ---

  [E1.3_walkway_only_available] LOOCV over 60 PD subjects, K=150, 31 features
    [10/60] running MAE=2.583 (4s elapsed, ~19s remaining)
    [20/60] running MAE=2.203 (7s elapsed, ~15s remaining)
    [30/60] running MAE=1.987 (12s elapsed, ~12s remaining)
    [40/60] running MAE=1.918 (16s elapsed, ~8s remaining)
    [50/60] running MAE=1.827 (21s elapsed, ~4s remaining)
    [60/60] running MAE=1.752 (24s elapsed, ~0s remaining)
  [E1.3_walkway_only_available] DONE in 24s: MAE=1.752, CCC=0.292, cal_slope=0.21, r=0.481

Phase 1 saved: /root/pd-imu/results/obs_bias_ablation_phase1.json

==========================================================================================
SUMMARY: Observable Subscore Calibration Bias Ablation
==========================================================================================
Experiment                                  MAE    CCC  cal_slope      r     N
------------------------------------------------------------------------------------------
E1.0_walkway_only                         2.168  0.092      0.058  0.201    94
E1.1_walkway_v2                           1.692  0.564      0.405  0.646    94
E1.2_walkway_v2_fm                        1.637  0.604      0.443  0.673    94
E1.3_walkway_only_available               1.752  0.292      0.210  0.481    60
==========================================================================================

Target: cal_slope closer to 1.0 (current baseline ~0.40)
Observable subscore range: [0, 24], items 3.9-3.14

Total runtime: 1654s (27.6 min)
[Sat Mar 14 02:13:36 PM UTC 2026] Phase 3: Task-specific
======================================================================
OBSERVABLE SUBSCORE CALIBRATION BIAS ABLATION
Phases: [3]
Items: 3.9-3.14 (direct observable), max=24
Seeds: [42, 123, 456, 789, 2024]
Device: CPU (GPU too slow for N=94)
======================================================================

======================================================================
PHASE 3: Task-Specific Ensemble
======================================================================
PD with obs_subscore: 96

  Extracting features for task: SelfPace
    SelfPace: 178 subjects (96 PD), 1075 features

  Extracting features for task: HurriedPace
    HurriedPace: 178 subjects (96 PD), 1075 features

  Extracting features for task: TUG
    TUG: 177 subjects (95 PD), 1075 features

  Extracting features for task: TandemGait
    TandemGait: 175 subjects (93 PD), 1075 features

  Extracting features for task: Balance
    Balance: 176 subjects (95 PD), 1075 features

Common PD subjects across all 5 tasks: 93
Common all subjects across all tasks: 174

--- E3.0: Task-specific ensemble ---
    [10/93] running MAE=2.095 (230s elapsed, ~1906s remaining)
    [20/93] running MAE=2.003 (462s elapsed, ~1685s remaining)
    [30/93] running MAE=1.894 (694s elapsed, ~1457s remaining)
    [40/93] running MAE=1.948 (934s elapsed, ~1238s remaining)
    [50/93] running MAE=1.696 (1174s elapsed, ~1010s remaining)
    [60/93] running MAE=1.765 (1409s elapsed, ~775s remaining)
    [70/93] running MAE=1.853 (1643s elapsed, ~540s remaining)
    [80/93] running MAE=1.746 (1879s elapsed, ~305s remaining)
    [90/93] running MAE=1.705 (2121s elapsed, ~71s remaining)
  E3.0 DONE in 2195s: MAE=1.692, CCC=0.548, cal_slope=0.417

--- E3.1: Best single task model ---

  Single task: SelfPace
    [10/96] SelfPace running MAE=2.335
    [20/96] SelfPace running MAE=2.072
    [30/96] SelfPace running MAE=2.164
    [40/96] SelfPace running MAE=2.238
    [50/96] SelfPace running MAE=2.092
    [60/96] SelfPace running MAE=2.133
    [70/96] SelfPace running MAE=2.183
    [80/96] SelfPace running MAE=2.058
    [90/96] SelfPace running MAE=1.978
  SelfPace: MAE=1.98, CCC=0.494, cal_slope=0.386 (423s)

  Single task: HurriedPace
    [10/96] HurriedPace running MAE=2.802
    [20/96] HurriedPace running MAE=2.516
    [30/96] HurriedPace running MAE=2.280
    [40/96] HurriedPace running MAE=2.245
    [50/96] HurriedPace running MAE=2.104
    [60/96] HurriedPace running MAE=2.190
    [70/96] HurriedPace running MAE=2.184
    [80/96] HurriedPace running MAE=2.059
    [90/96] HurriedPace running MAE=1.991
  HurriedPace: MAE=1.968, CCC=0.48, cal_slope=0.356 (408s)

  Single task: TUG
    [10/95] TUG running MAE=2.463
    [20/95] TUG running MAE=2.405
    [30/95] TUG running MAE=2.157
    [40/95] TUG running MAE=2.152
    [50/95] TUG running MAE=1.989
    [60/95] TUG running MAE=2.042
    [70/95] TUG running MAE=2.088
    [80/95] TUG running MAE=1.973
    [90/95] TUG running MAE=1.975
  TUG: MAE=1.951, CCC=0.485, cal_slope=0.361 (393s)

  Single task: TandemGait
    [10/93] TandemGait running MAE=2.933
    [20/93] TandemGait running MAE=2.388
    [30/93] TandemGait running MAE=2.063
    [40/93] TandemGait running MAE=1.929
    [50/93] TandemGait running MAE=1.837
    [60/93] TandemGait running MAE=1.917
    [70/93] TandemGait running MAE=1.901
    [80/93] TandemGait running MAE=1.825
    [90/93] TandemGait running MAE=1.859
  TandemGait: MAE=1.826, CCC=0.271, cal_slope=0.175 (386s)

  Single task: Balance
    [10/95] Balance running MAE=2.578
    [20/95] Balance running MAE=2.484
    [30/95] Balance running MAE=2.192
    [40/95] Balance running MAE=2.104
    [50/95] Balance running MAE=1.960
    [60/95] Balance running MAE=1.999
    [70/95] Balance running MAE=2.075
    [80/95] Balance running MAE=2.018
    [90/95] Balance running MAE=1.957
  Balance: MAE=1.918, CCC=0.373, cal_slope=0.258 (386s)

  Best single task: TandemGait (MAE=1.826)

--- E3.2: Task-specific + walkway fusion ---
Walkway loaded: 135 subjects, 31 metrics
    [10/93] running MAE=2.030
    [20/93] running MAE=1.931
    [30/93] running MAE=1.870
    [40/93] running MAE=1.928
    [50/93] running MAE=1.705
    [60/93] running MAE=1.772
    [70/93] running MAE=1.854
    [80/93] running MAE=1.752
    [90/93] running MAE=1.713
  E3.2 DONE in 2219s: MAE=1.708, CCC=0.547, cal_slope=0.417

Phase 3 saved: /root/pd-imu/results/obs_bias_ablation_phase3.json

==========================================================================================
SUMMARY: Observable Subscore Calibration Bias Ablation
==========================================================================================
Experiment                                  MAE    CCC  cal_slope      r     N
------------------------------------------------------------------------------------------
E3.0_task_ensemble                        1.692  0.548      0.417  0.617    93
E3.1_best_metrics                         1.826  0.271      0.175  0.369    93
E3.2_task_walkway_fusion                  1.708  0.547      0.417  0.607    93
==========================================================================================

Target: cal_slope closer to 1.0 (current baseline ~0.40)
Observable subscore range: [0, 24], items 3.9-3.14

Total runtime: 7142s (119.0 min)
[Sat Mar 14 02:13:36 PM UTC 2026] Phase 5: VelocityIncrement
======================================================================
OBSERVABLE SUBSCORE CALIBRATION BIAS ABLATION
Phases: [5]
Items: 3.9-3.14 (direct observable), max=24
Seeds: [42, 123, 456, 789, 2024]
Device: CPU (GPU too slow for N=94)
======================================================================

======================================================================
PHASE 5: VelocityIncrement Features
======================================================================
Data loaded: 178 subjects, 1752 v2 + 768 FM = 2520 features
  Extracting VelInc features (phase_gated=False)...
  VelInc: 178 subjects, 832 features, 1412 recordings (670s)

--- E5.0: VelInc-only ---
  PD with VelInc: 94

  [E5.0_velinc_only] LOOCV over 94 PD subjects, K=150, 832 features
    [10/94] running MAE=1.623 (39s elapsed, ~328s remaining)
    [20/94] running MAE=2.096 (74s elapsed, ~275s remaining)
    [30/94] running MAE=2.073 (111s elapsed, ~237s remaining)
    [40/94] running MAE=1.991 (151s elapsed, ~204s remaining)
    [50/94] running MAE=1.850 (188s elapsed, ~165s remaining)
    [60/94] running MAE=1.924 (226s elapsed, ~128s remaining)
    [70/94] running MAE=1.899 (261s elapsed, ~89s remaining)
    [80/94] running MAE=1.965 (296s elapsed, ~52s remaining)
    [90/94] running MAE=1.896 (332s elapsed, ~15s remaining)
  [E5.0_velinc_only] DONE in 347s: MAE=1.991, CCC=0.427, cal_slope=0.306, r=0.501

--- E5.1: VelInc + v2 + FM ---

  [E5.1_velinc_v2_fm] LOOCV over 94 PD subjects, K=300, 3352 features
    [10/94] running MAE=1.491 (127s elapsed, ~1067s remaining)
    [20/94] running MAE=1.891 (258s elapsed, ~955s remaining)
    [30/94] running MAE=1.864 (387s elapsed, ~826s remaining)
    [40/94] running MAE=1.710 (518s elapsed, ~699s remaining)
    [50/94] running MAE=1.537 (650s elapsed, ~572s remaining)
    [60/94] running MAE=1.671 (777s elapsed, ~440s remaining)
    [70/94] running MAE=1.714 (906s elapsed, ~311s remaining)
    [80/94] running MAE=1.680 (1033s elapsed, ~181s remaining)
    [90/94] running MAE=1.609 (1166s elapsed, ~52s remaining)
  [E5.1_velinc_v2_fm] DONE in 1215s: MAE=1.66, CCC=0.587, cal_slope=0.425, r=0.664

--- E5.2: Phase-gated VelInc ---
  Extracting VelInc features (phase_gated=True)...
  VelInc: 178 subjects, 1664 features, 1237 recordings (794s)
  PD with phase-gated VelInc: 94

  [E5.2_velinc_phase_gated] LOOCV over 94 PD subjects, K=300, 4184 features
    [10/94] running MAE=1.473 (159s elapsed, ~1338s remaining)
    [20/94] running MAE=1.885 (324s elapsed, ~1198s remaining)
    [30/94] running MAE=1.804 (493s elapsed, ~1051s remaining)
    [40/94] running MAE=1.682 (656s elapsed, ~886s remaining)
    [50/94] running MAE=1.530 (816s elapsed, ~718s remaining)
    [60/94] running MAE=1.655 (977s elapsed, ~554s remaining)
    [70/94] running MAE=1.674 (1141s elapsed, ~391s remaining)
    [80/94] running MAE=1.650 (1306s elapsed, ~228s remaining)
    [90/94] running MAE=1.582 (1470s elapsed, ~65s remaining)
  [E5.2_velinc_phase_gated] DONE in 1536s: MAE=1.626, CCC=0.62, cal_slope=0.461, r=0.68

Phase 5 saved: /root/pd-imu/results/obs_bias_ablation_phase5.json

==========================================================================================
SUMMARY: Observable Subscore Calibration Bias Ablation
==========================================================================================
Experiment                                  MAE    CCC  cal_slope      r     N
------------------------------------------------------------------------------------------
E5.0_velinc_only                          1.991  0.427      0.306  0.501    94
E5.1_velinc_v2_fm                         1.660  0.587      0.425  0.664    94
E5.2_velinc_phase_gated                   1.626  0.620      0.461  0.680    94
==========================================================================================

Target: cal_slope closer to 1.0 (current baseline ~0.40)
Observable subscore range: [0, 24], items 3.9-3.14

Total runtime: 4563s (76.1 min)
[Sat Mar 14 02:13:36 PM UTC 2026] ALL PHASES COMPLETE
