Device: cuda
GPU: NVIDIA GeForce RTX 5060 Ti, 16.6 GB
======================================================================
PHASE 4.1+4.2: PREPROCESSING FIX + SUBJECT-LEVEL MIL
======================================================================
Loaded split: 142 dev + 36 test subjects
Subjects: 185 total, 142 dev, 36 test

Loading raw SP+HP data (no normalization)...
  Dev: 2021 windows, 142 subjects
  Test: 511 windows, 36 subjects

======================================================================
EXPERIMENT A: Baseline (per-subject norm, old augmentation)
======================================================================

--- A: per-subject norm (baseline) ---
  Seed 42: MAE=9.09, r=0.601, 48s, 0.4GB
  Seed 123: MAE=9.61, r=0.569, 58s, 0.4GB
  Seed 456: MAE=8.50, r=0.688, 41s, 0.4GB
  MEAN: MAE=9.06±0.45, r=0.619
  ENS:  MAE=9.04, r=0.644

======================================================================
EXPERIMENT B: Global norm (train-set stats)
======================================================================

--- B: global norm ---
  Seed 42: MAE=11.05, r=0.483, 52s, 0.4GB
  Seed 123: MAE=10.63, r=0.478, 37s, 0.4GB
  Seed 456: MAE=10.75, r=0.424, 48s, 0.4GB
  MEAN: MAE=10.81±0.18, r=0.462
  ENS:  MAE=10.53, r=0.502

======================================================================
EXPERIMENT C: Global norm + magnitude channels (104ch)
======================================================================

--- C: global norm + mag (104ch) ---
  Seed 42: MAE=11.26, r=0.434, 37s, 0.4GB
  Seed 123: MAE=10.02, r=0.504, 67s, 0.4GB
  Seed 456: MAE=10.99, r=0.410, 36s, 0.4GB
  MEAN: MAE=10.76±0.53, r=0.449
  ENS:  MAE=10.70, r=0.471

======================================================================
EXPERIMENT D: Global norm + MIL attention pooling
======================================================================

--- D: global norm + MIL ---
  Seed 42: MAE=10.86, r=0.494, 66s, 0.7GB
  Seed 123: MAE=9.81, r=0.538, 43s, 0.7GB
  Seed 456: MAE=10.68, r=0.490, 72s, 0.7GB
  MEAN: MAE=10.45±0.46, r=0.507
  ENS:  MAE=10.08, r=0.553

======================================================================
EXPERIMENT E: Global norm + magnitude + MIL
======================================================================

--- E: global norm + mag + MIL (104ch) ---
  Seed 42: MAE=9.35, r=0.656, 41s, 0.7GB
  Seed 123: MAE=11.13, r=0.443, 56s, 0.7GB
  Seed 456: MAE=10.70, r=0.432, 60s, 0.7GB
  MEAN: MAE=10.40±0.76, r=0.510
  ENS:  MAE=9.91, r=0.570

======================================================================
EXPERIMENT F: Global norm + mag + MIL + covariates
======================================================================
  Covariates loaded for 185 subjects

--- F: global+mag+MIL+cov (104ch) ---
  Seed 42: MAE=10.79, r=0.467, 37s, 0.7GB
  Seed 123: MAE=10.30, r=0.486, 56s, 0.7GB
  Seed 456: MAE=11.97, r=0.287, 33s, 0.7GB
  MEAN: MAE=11.02±0.70, r=0.413
  ENS:  MAE=10.05, r=0.534

======================================================================
FINAL SUMMARY
======================================================================
  Experiment                                 Mean MAE   Mean r   Ens MAE   Ens r
  ---------------------------------------------------------------------------
  A: per-subject norm (baseline)             9.06±0.45  0.619    9.04   0.644
  E: global norm + mag + MIL (104ch)        10.39±0.76  0.510    9.91   0.570
  F: global+mag+MIL+cov (104ch)             11.02±0.70  0.413   10.05   0.534
  D: global norm + MIL                      10.45±0.46  0.507   10.08   0.553
  B: global norm                            10.81±0.18  0.462   10.53   0.502
  C: global norm + mag (104ch)              10.76±0.53  0.449   10.70   0.471

  PD-ONLY METRICS (for SOTA comparison):
  Experiment                                 PD MAE   PD r
  -------------------------------------------------------
  A: per-subject norm (baseline)           — (computed per-seed above)
  E: global norm + mag + MIL (104ch)       — (computed per-seed above)
  F: global+mag+MIL+cov (104ch)            — (computed per-seed above)
  D: global norm + MIL                     — (computed per-seed above)
  B: global norm                           — (computed per-seed above)
  C: global norm + mag (104ch)             — (computed per-seed above)

Saved to /root/pd-imu/recipe_fix_results.json
