Device: cuda
GPU: NVIDIA GeForce RTX 5060 Ti, 16.6 GB
======================================================================
ROBUST MODEL COMPARISON (5 seeds each)
======================================================================
Loaded split: 142 dev + 36 test subjects

Loading SP+HP data...
  SP+HP: 2021 dev, 511 test
Loading all 5 tasks...
  All tasks: 8822 dev

======================================================================
CONFIG: xxl (768d/10L) SP+HP
======================================================================
  Seed 42: MAE=9.20, r=0.649 (p=0.0000), 190s, 2.1GB
  Seed 123: MAE=9.87, r=0.586 (p=0.0002), 158s, 2.1GB
  Seed 456: MAE=9.78, r=0.619 (p=0.0001), 119s, 2.1GB
  Seed 789: MAE=9.85, r=0.602 (p=0.0001), 126s, 2.1GB
  Seed 2024: MAE=9.84, r=0.554 (p=0.0005), 114s, 2.1GB

  SUMMARY: MAE=9.71±0.25, r=0.602±0.032
  SEED ENSEMBLE: MAE=9.39, r=0.646

======================================================================
CONFIG: large (384d/8L) SP+HP
======================================================================
  Seed 42: MAE=9.44, r=0.579 (p=0.0002), 47s, 0.8GB
  Seed 123: MAE=9.29, r=0.652 (p=0.0000), 54s, 0.8GB
  Seed 456: MAE=8.70, r=0.701 (p=0.0000), 52s, 0.8GB
  Seed 789: MAE=12.40, r=-0.141 (p=0.4113), 29s, 0.8GB
  Seed 2024: MAE=9.57, r=0.626 (p=0.0000), 54s, 0.8GB

  SUMMARY: MAE=9.88±1.29, r=0.483±0.315
  SEED ENSEMBLE: MAE=9.36, r=0.666

======================================================================
CONFIG: xxl (768d/10L) SP+HP high-reg
======================================================================
  Seed 42: MAE=9.64, r=0.619 (p=0.0001), 140s, 2.1GB
  Seed 123: MAE=9.92, r=0.541 (p=0.0007), 158s, 2.1GB
  Seed 456: MAE=9.86, r=0.592 (p=0.0001), 126s, 2.1GB
  Seed 789: MAE=9.97, r=0.614 (p=0.0001), 115s, 2.1GB
  Seed 2024: MAE=9.58, r=0.588 (p=0.0002), 151s, 2.1GB

  SUMMARY: MAE=9.79±0.15, r=0.591±0.028
  SEED ENSEMBLE: MAE=9.46, r=0.631

======================================================================
CONFIG: large (384d/8L) all tasks
======================================================================
  Seed 42: MAE=9.23, r=0.615 (p=0.0001), 171s, 0.7GB
  Seed 123: MAE=9.42, r=0.596 (p=0.0001), 139s, 0.6GB
  Seed 456: MAE=10.67, r=0.559 (p=0.0004), 132s, 0.6GB
  Seed 789: MAE=11.46, r=0.294 (p=0.0815), 124s, 0.6GB
  Seed 2024: MAE=11.80, r=0.366 (p=0.0280), 124s, 0.6GB

  SUMMARY: MAE=10.52±1.04, r=0.486±0.131
  SEED ENSEMBLE: MAE=10.21, r=0.613

======================================================================
CONFIG: medium (256d/6L) SP+HP
======================================================================
  Seed 42: MAE=9.33, r=0.617 (p=0.0001), 37s, 0.4GB
  Seed 123: MAE=9.54, r=0.599 (p=0.0001), 44s, 0.4GB
  Seed 456: MAE=10.14, r=0.569 (p=0.0003), 38s, 0.4GB
  Seed 789: MAE=9.45, r=0.629 (p=0.0000), 43s, 0.4GB
  Seed 2024: MAE=9.38, r=0.577 (p=0.0002), 44s, 0.4GB

  SUMMARY: MAE=9.57±0.29, r=0.598±0.023
  SEED ENSEMBLE: MAE=9.35, r=0.628

======================================================================
CROSS-CONFIG ENSEMBLE
======================================================================
  xxl (768d/10L) SP+HP: best seed MAE=9.20
  large (384d/8L) SP+HP: best seed MAE=8.70
  xxl (768d/10L) SP+HP high-reg: best seed MAE=9.58
  large (384d/8L) all tasks: best seed MAE=9.23
  medium (256d/6L) SP+HP: best seed MAE=9.33

  CROSS-CONFIG ENSEMBLE (best seed each): MAE=8.72, r=0.680
  MEGA ENSEMBLE (all 25 runs): MAE=9.46, r=0.645

======================================================================
FINAL SUMMARY (sorted by ensemble MAE)
======================================================================
  Config                                     Mean MAE   Mean r   Ens MAE   Ens r
  ---------------------------------------------------------------------------
  medium (256d/6L) SP+HP                     9.57±0.29 0.598±0.023    9.35   0.628
  large (384d/8L) SP+HP                      9.88±1.29 0.483±0.315    9.36   0.666
  xxl (768d/10L) SP+HP                       9.71±0.25 0.602±0.032    9.39   0.646
  xxl (768d/10L) SP+HP high-reg              9.79±0.15 0.591±0.028    9.46   0.631
  large (384d/8L) all tasks                 10.52±1.04 0.486±0.131   10.21   0.613

  CROSS-CONFIG (best seeds): MAE=8.72, r=0.680
  MEGA ENSEMBLE (25 runs):   MAE=9.46, r=0.645

Saved to /root/pd-imu/robust_results.json
