Loading per-item canonical data (drives SID alignment for B_T1/B_18)...
  Per-item features matched for 94/94 subjects (1305 features)
  MOMENT embeddings matched for 94/94 subjects (2304 features)
  HC SSL embeddings matched for 94/94 subjects (768 features)
  Item9 event MOMENT matched for 93/94 subjects (3840 features)
  Item11 multiscale matched for 94/94 subjects (237 features)
  Walkway+joint matched for 94/94 subjects (216 features)
  N per-item canonical = 94
  B_hy: loaded 98 sid→pred from iter3_hy_residual_t3_loocv.json
  T1 iter11A selections (with per-item OOF spot-check CCC vs d['items']):
    item 9: lockbox_peritem_9_*_20260430_143044.oof.npy  → spot-CCC vs item-9 target = +0.4486
    item 10: lockbox_self_norm_cross_10_self_norm_hy_residual_2*.oof.npy  → spot-CCC vs item-10 target = +0.5657
    item 11: lockbox_peritem_11_*_20260430_143044.oof.npy  → spot-CCC vs item-11 target = +0.3826
    item 12: lockbox_peritem_12_item_plus_v2_cccv2.oof.npy  → spot-CCC vs item-12 target = +0.6823
    item 13: interaction_13_v2_plus_self_norm_loocv_loocv_winners.oof.npy  → spot-CCC vs item-13 target = +0.2707
    item 14: lockbox_peritem_14_*_20260430_143044.oof.npy  → spot-CCC vs item-14 target = +0.3857
  B_T1: composed 94 sid→pred from items [9, 10, 11, 12, 13, 14]
  B_18: loaded 93 sid→pred from lockbox_peritem_18_hy_residual_cccv2.oof.npy
  y_T3: derived 89 sid→T3 from per-item scores

INTERSECTION SID COUNT: 89

Per-base CCC vs T3 on intersection (N=89):
  B_hy: CCC=+0.3054  r=+0.3224  mean=25.51±7.31
  B_T1: CCC=+0.0344  r=+0.4094  mean=4.16±2.13
  B_18: CCC=+0.0029  r=+0.0992  mean=0.97±0.94
  y_T3:  mean=23.84±9.54, range=[6,54]
PRE-REGISTRATION WRITTEN: /home/fiod/medical/results/preregistration_t3_iter4_20260502_160812.json

=== LOCKBOX LOOCV (R2_hy_anchor_18, method=residual_augment, N=89, bases=('B_hy', 'B_18')) ===
  LOOCV done in 40.6s

=== HEADLINE (lockbox): CCC=0.3370, MAE=7.648, r=0.3518, slope=0.262 ===
  Δ vs raw B_hy on same N=89 intersection (0.3054): +0.0316
  Δ vs published hy_residual N=98 (0.4092): -0.0722 (NOTE: cross-N comparison; intersection baseline is the apples-to-apples one)
Wrote /home/fiod/medical/results/lockbox_t3_iter4_R2_hy_anchor_18_20260502_160812.json
Wrote /home/fiod/medical/results/lockbox_t3_iter4_R2_hy_anchor_18_20260502_160812.oof.npy
