================================================================================
V3 EXPERIMENTS: PROVEN PIPELINE + NEW ANALYSES
Baseline: LightGBM 150 features -> MAE=7.97, r=0.821
================================================================================
Loaded split: 142 dev + 36 test subjects
Subjects: 185, Dev: 142, Test: 36

================================================================================
FEATURE EXTRACTION (proven pipeline from run_ablation_v2)
================================================================================
  Loading cached features from /root/pd-imu/v3_features.csv
Total features: 1752, Dev: 142, Test: 36

  Feature selection (single-seed XGBoost)...
  Selected 150/200/300 features

================================================================================
EXP 1: BASELINE REPRODUCTION
================================================================================

--- E1: LGB best-HP 150 feats ---
  Features: 150, Dev: 142, Test: 36
  Seed 42: MAE=9.05, r=0.703
  Seed 123: MAE=8.07, r=0.796
  Seed 456: MAE=7.50, r=0.814
  Seed 789: MAE=8.15, r=0.785
  Seed 2024: MAE=8.50, r=0.771
  MEAN: MAE=8.26+/-0.51, r=0.774
  ENS:  MAE=8.07, r=0.825

--- E2: LGB default 150 feats ---
  Features: 150, Dev: 142, Test: 36
  Seed 42: MAE=8.76, r=0.729
  Seed 123: MAE=8.07, r=0.760
  Seed 456: MAE=7.89, r=0.814
  Seed 789: MAE=8.08, r=0.752
  Seed 2024: MAE=8.07, r=0.812
  MEAN: MAE=8.17+/-0.30, r=0.774
  ENS:  MAE=7.97, r=0.821

--- E3: LGB best-HP 200 feats ---
  Features: 200, Dev: 142, Test: 36
  Seed 42: MAE=9.56, r=0.680
  Seed 123: MAE=8.34, r=0.785
  Seed 456: MAE=8.72, r=0.745
  Seed 789: MAE=7.84, r=0.783
  Seed 2024: MAE=8.90, r=0.740
  MEAN: MAE=8.67+/-0.57, r=0.747
  ENS:  MAE=8.41, r=0.815

--- E4: LGB best-HP 300 feats ---
  Features: 300, Dev: 142, Test: 36
  Seed 42: MAE=9.85, r=0.623
  Seed 123: MAE=8.43, r=0.748
  Seed 456: MAE=7.97, r=0.816
  Seed 789: MAE=9.11, r=0.695
  Seed 2024: MAE=8.77, r=0.763
  MEAN: MAE=8.83+/-0.64, r=0.729
  ENS:  MAE=8.68, r=0.795

================================================================================
EXP 2: XGB CEILING WITH H&Y
================================================================================

--- E5: XGB best-HP 150 feats ---
  Features: 150, Dev: 142, Test: 36
  Seed 42: MAE=8.12, r=0.829
  Seed 123: MAE=8.17, r=0.792
  Seed 456: MAE=8.55, r=0.781
  Seed 789: MAE=8.57, r=0.775
  Seed 2024: MAE=8.18, r=0.827
  MEAN: MAE=8.32+/-0.20, r=0.801
  ENS:  MAE=8.24, r=0.837

--- E6: XGB 150 feats + H&Y (ceiling) ---
  Features: 151, Dev: 142, Test: 36
  Seed 42: MAE=8.38, r=0.770
  Seed 123: MAE=7.86, r=0.827
  Seed 456: MAE=8.30, r=0.795
  Seed 789: MAE=8.64, r=0.769
  Seed 2024: MAE=8.77, r=0.813
  MEAN: MAE=8.39+/-0.32, r=0.795
  ENS:  MAE=8.23, r=0.831

================================================================================
EXP 3: OBSERVABLE SUBTOTAL PREDICTION
================================================================================
  Observable subtotal: dev mean=4.0, test mean=4.6

--- E7: LGB observable subtotal 150 feats ---
  Features: 150, Dev: 142, Test: 36
  Seed 42: MAE=2.86, r=0.690
  Seed 123: MAE=2.74, r=0.777
  Seed 456: MAE=3.02, r=0.653
  Seed 789: MAE=2.88, r=0.705
  Seed 2024: MAE=2.77, r=0.735
  MEAN: MAE=2.85+/-0.10, r=0.712
  ENS:  MAE=2.83, r=0.740

--- E8: LGB obs+partial subtotal 150 feats ---
  Features: 150, Dev: 142, Test: 36
  Seed 42: MAE=4.13, r=0.715
  Seed 123: MAE=3.69, r=0.771
  Seed 456: MAE=4.14, r=0.644
  Seed 789: MAE=4.14, r=0.693
  Seed 2024: MAE=4.44, r=0.652
  MEAN: MAE=4.11+/-0.24, r=0.695
  ENS:  MAE=4.09, r=0.749

--- E9: Two-stage obs->total ---

--- E9: Two-stage obs->total ---
  Features: 151, Dev: 142, Test: 36
  Seed 42: MAE=9.12, r=0.609
  Seed 123: MAE=9.86, r=0.585
  Seed 456: MAE=9.84, r=0.608
  Seed 789: MAE=8.49, r=0.715
  Seed 2024: MAE=9.54, r=0.646
  MEAN: MAE=9.37+/-0.52, r=0.633
  ENS:  MAE=9.29, r=0.661

================================================================================
EXP 4: PD-ONLY LOOCV (literature comparison)
================================================================================
  PD subjects: 98, UPDRS mean=24.4
  LOOCV: 20/98
  LOOCV: 40/98
  LOOCV: 60/98
  LOOCV: 80/98
  PD-only LOOCV: MAE=7.21, r=0.559

================================================================================
EXP 5: STRATIFIED VAL SPLITS
================================================================================

--- E11: LGB stratified-val 150 feats ---
  Seed 42: MAE=8.99, r=0.712
  Seed 123: MAE=8.55, r=0.772
  Seed 456: MAE=8.66, r=0.690
  Seed 789: MAE=7.73, r=0.771
  Seed 2024: MAE=8.75, r=0.755
  MEAN: MAE=8.54+/-0.43
  ENS:  MAE=8.45, r=0.792

================================================================================
EXP 6: ALL FEATURES (NO SELECTION)
================================================================================

--- E12: LGB all features (no selection) ---
  Features: 1752, Dev: 142, Test: 36
  Seed 42: MAE=9.48, r=0.715
  Seed 123: MAE=8.77, r=0.705
  Seed 456: MAE=9.12, r=0.730
  Seed 789: MAE=9.09, r=0.704
  Seed 2024: MAE=8.50, r=0.773
  MEAN: MAE=8.99+/-0.33, r=0.726
  ENS:  MAE=8.86, r=0.776

================================================================================
FINAL SUMMARY (2.7 min)
================================================================================
  Baseline: LightGBM 150 features -> MAE=7.97, r=0.821

    # Model                                          ENS MAE   ENS r
  -----------------------------------------------------------------
    1 E7: LGB observable subtotal 150 feats             2.83    0.74 ***
    2 E8: LGB obs+partial subtotal 150 feats           4.093   0.749 ***
    3 E10: PD-only LOOCV                               7.211   0.559 ***
    4 E2: LGB default 150 feats                        7.969   0.821 ***
    5 E1: LGB best-HP 150 feats                        8.068   0.825
    6 E6: XGB 150 feats + H&Y (ceiling)                8.225   0.831
    7 E5: XGB best-HP 150 feats                        8.244   0.837
    8 E3: LGB best-HP 200 feats                        8.409   0.815
    9 E11: LGB stratified-val 150 feats                 8.45   0.792
   10 E4: LGB best-HP 300 feats                        8.677   0.795
   11 E12: LGB all features (no selection)             8.855   0.776
   12 E9: Two-stage obs->total                         9.291   0.661

Results: /root/pd-imu/v3_results.json
