
=== V3 COMBINED TEST — mode=v3_recovery_only, seeds=[42, 1337, 7] ===
  cohort: T1-only N=94 | with-aux N=92 (aux items used: [15, 18])
  cohort N=92
  V3-GSP feature count = 550
  V3-MoS feature count = 344
  V3-recovery feature count = 291
  X.shape after mode = (92, 291), use_kselect=True
    seed=42 fold 20/92 elapsed=63s
    seed=42 fold 40/92 elapsed=123s
    seed=42 fold 60/92 elapsed=177s
    seed=42 fold 80/92 elapsed=222s
    seed=42 fold 92/92 elapsed=250s
  seed=42: CCC=0.5378
    seed=1337 fold 20/92 elapsed=48s
    seed=1337 fold 40/92 elapsed=93s
    seed=1337 fold 60/92 elapsed=139s
    seed=1337 fold 80/92 elapsed=186s
    seed=1337 fold 92/92 elapsed=214s
  seed=1337: CCC=0.5757
    seed=7 fold 20/92 elapsed=47s
    seed=7 fold 40/92 elapsed=93s
    seed=7 fold 60/92 elapsed=139s
    seed=7 fold 80/92 elapsed=184s
    seed=7 fold 92/92 elapsed=212s
  seed=7: CCC=0.5553

=== HEADLINE CCC = 0.5592 ===
  Δ vs iter34 = -0.1578
  sign-flip p = 0.8449
  BCa CI = [-0.2979, -0.0549]
  decision: FAIL

Wrote /home/fiod/pd-imu/results/lockbox_t1_v3_combined_v3_recovery_only_20260512_221009.json
