
=== V3 COMBINED TEST — mode=v3_titd_no_kselect, seeds=[42, 1337, 7] ===
  cohort: T1-only N=94 | with-aux N=92 (aux items used: [15, 18])
  cohort N=92
  V3-GSP feature count = 550
  V3-MoS feature count = 344
  V3-recovery feature count = 291
  X.shape after mode = (92, 96), use_kselect=False
    seed=42 fold 20/92 elapsed=20s
    seed=42 fold 40/92 elapsed=39s
    seed=42 fold 60/92 elapsed=58s
    seed=42 fold 80/92 elapsed=76s
    seed=42 fold 92/92 elapsed=90s
  seed=42: CCC=0.6703
    seed=1337 fold 20/92 elapsed=20s
    seed=1337 fold 40/92 elapsed=39s
    seed=1337 fold 60/92 elapsed=57s
    seed=1337 fold 80/92 elapsed=77s
    seed=1337 fold 92/92 elapsed=88s
  seed=1337: CCC=0.6663
    seed=7 fold 20/92 elapsed=21s
    seed=7 fold 40/92 elapsed=39s
    seed=7 fold 60/92 elapsed=59s
    seed=7 fold 80/92 elapsed=78s
    seed=7 fold 92/92 elapsed=90s
  seed=7: CCC=0.6717

=== HEADLINE CCC = 0.6701 ===
  Δ vs iter34 = -0.0469
  sign-flip p = 0.9260
  BCa CI = [-0.1008, +0.0022]
  decision: FAIL

Wrote /home/fiod/pd-imu/results/lockbox_t1_v3_combined_v3_titd_no_kselect_20260512_222254.json
